C:\Program Files (x86)\MSBuild\Microsoft.Cpp\v4.0\V140\Microsoft.CppBuild.targets(392,5): warning MSB8028: The intermediate directory (x64\Release\) contains files shared from another project (videocapture.vcxproj).  This can lead to incorrect clean and rebuild behavior.
  main.cpp
f:\code_clone\media_server_2019\recognition\identification\identification\plate.h(259): warning C4267: “初始化”: 从“size_t”转换到“int”，可能丢失数据
f:\code_clone\media_server_2019\recognition\identification\identification\plate.h(260): warning C4267: “初始化”: 从“size_t”转换到“int”，可能丢失数据
f:\code_clone\media_server_2019\recognition\identification\identification\plate.h(279): warning C4267: “参数”: 从“size_t”转换到“int”，可能丢失数据
f:\code_clone\media_server_2019\recognition\identification\identification\plate.h(284): warning C4267: “参数”: 从“size_t”转换到“int”，可能丢失数据
f:\code_clone\media_server_2019\recognition\identification\identification\plate.h(286): warning C4267: “参数”: 从“size_t”转换到“int”，可能丢失数据
f:\code_clone\media_server_2019\recognition\identification\identification\plate.h(381): warning C4267: “=”: 从“size_t”转换到“int”，可能丢失数据
  recognition.cpp
f:\code_clone\media_server_2019\recognition\identification\identification\plate.h(259): warning C4267: “初始化”: 从“size_t”转换到“int”，可能丢失数据
f:\code_clone\media_server_2019\recognition\identification\identification\plate.h(260): warning C4267: “初始化”: 从“size_t”转换到“int”，可能丢失数据
f:\code_clone\media_server_2019\recognition\identification\identification\plate.h(279): warning C4267: “参数”: 从“size_t”转换到“int”，可能丢失数据
f:\code_clone\media_server_2019\recognition\identification\identification\plate.h(284): warning C4267: “参数”: 从“size_t”转换到“int”，可能丢失数据
f:\code_clone\media_server_2019\recognition\identification\identification\plate.h(286): warning C4267: “参数”: 从“size_t”转换到“int”，可能丢失数据
f:\code_clone\media_server_2019\recognition\identification\identification\plate.h(381): warning C4267: “=”: 从“size_t”转换到“int”，可能丢失数据
recognition.cpp(446): warning C4267: “初始化”: 从“size_t”转换到“int”，可能丢失数据
recognition.cpp(447): warning C4267: “初始化”: 从“size_t”转换到“int”，可能丢失数据
recognition.cpp(435): warning C4101: “buffers”: 未引用的局部变量
LINK : warning LNK4098: 默认库“LIBCMT”与其他库的使用冲突；请使用 /NODEFAULTLIB:library
  正在生成代码
  5 of 2469 functions ( 0.2%) were compiled, the rest were copied from previous compilation.
    0 functions were new in current compilation
    4 functions had inline decision re-evaluated but remain unchanged
  已完成代码的生成
  videocapture.vcxproj -> F:\code_clone\media_server_2019\recognition\identification\identification\../bin/identification.exe
  videocapture.vcxproj -> ../bin/identification.pdb (Full PDB)
